<alert xmlns="urn:oasis:names:tc:emergency:cap:1.2">
<identifier>pwp.295.295</identifier>
<sender>aiseverbridge</sender>
<sent>2025-08-19T09:37:57+07:00</sent>
<status>Actual</status>
<msgType>Alert</msgType>
<scope>Public</scope>
<note>DBGF bypass</note>
<info>
<language>en-US</language>
<category>Other</category>
<event>DUMMY</event>
<urgency>Immediate</urgency
><severity>Extreme</severity>
<certainty>Observed</certainty>
<effective>2025-08-19T10:30:00+07:00</effective>
<expires>2025-08-19T18:00:00+07:00</expires>
<senderName>A separate group for Raydant to support DDPM.</senderName>
<headline>
</headline>
<instruction>
</instruction>
<web>http://www.testweb.com</web>
 <resource>
        <resourceDesc>Image file (GIF)</resourceDesc>
        <mimeType>image/gif</mimeType>
        <uri>http://www.testweb.com/1.gif</uri>
</resource>
<resource>
        <resourceDesc>PDF document</resourceDesc>
        <mimeType>application/pdf</mimeType>
        <uri>http://www.testweb.com/2.pdf</uri>
</resource>
<resource>
        <resourceDesc>Text file</resourceDesc>
        <mimeType>text/plain</mimeType>
        <uri>http://www.testweb.com/3.txt</uri>
</resource>
<area>
<areaDesc>TEST-AIS2507</areaDesc>
<polygon>14.38055,101.54953 14.38201,101.54948 14.38199,101.55085 14.3805,101.5509 14.38055,101.54953</polygon>
</area>
</info>
</alert>